<?xml version="1.0" encoding="UTF-8"?>
<!-- Generated by org.testng.reporters.JUnitReportReporter -->
<testsuite hostname="LAPTOP-KA5SCLD6" failures="0" tests="4" name="com.test.TestUser" time="7.126" errors="0" timestamp="2023-02-05T23:27:30 IST" skipped="0">
  <testcase classname="com.test.TestUser" name="testCreateUser" time="1.545"/>
  <system-out/>
  <testcase classname="com.test.TestUser" name="testGetUser" time="1.366"/>
  <system-out/>
  <testcase classname="com.test.TestUser" name="testUpdateUser" time="2.860"/>
  <system-out/>
  <testcase classname="com.test.TestUser" name="testDeleteUser" time="1.355"/>
  <system-out/>
</testsuite> <!-- com.test.TestUser -->
