<?xml version="1.0" encoding="UTF-8"?>
<!-- Generated by org.testng.reporters.JUnitReportReporter -->
<testsuite hostname="LAPTOP-KA5SCLD6" failures="0" tests="4" name="com.test.TestUserFromProperties" time="9.479" errors="0" timestamp="2023-02-05T23:12:54 IST" skipped="0">
  <testcase classname="com.test.TestUserFromProperties" name="testCreateUser" time="3.617"/>
  <system-out/>
  <testcase classname="com.test.TestUserFromProperties" name="testGetUser" time="1.425"/>
  <system-out/>
  <testcase classname="com.test.TestUserFromProperties" name="testUpdateUser" time="2.949"/>
  <system-out/>
  <testcase classname="com.test.TestUserFromProperties" name="testDeleteUser" time="1.488"/>
  <system-out/>
</testsuite> <!-- com.test.TestUserFromProperties -->
