<?xml version="1.0" encoding="UTF-8"?>
<!-- Generated by org.testng.reporters.JUnitReportReporter -->
<testsuite hostname="LAPTOP-KA5SCLD6" failures="0" tests="4" name="com.test.TestUser" time="6.818" errors="0" timestamp="2023-02-06T22:46:06 IST" skipped="0">
  <testcase classname="com.test.TestUser" name="testCreateUser" time="1.421"/>
  <system-out/>
  <testcase classname="com.test.TestUser" name="testGetUser" time="1.348"/>
  <system-out/>
  <testcase classname="com.test.TestUser" name="testUpdateUser" time="2.713"/>
  <system-out/>
  <testcase classname="com.test.TestUser" name="testDeleteUser" time="1.336"/>
  <system-out/>
</testsuite> <!-- com.test.TestUser -->
