<?xml version="1.0" encoding="UTF-8"?>
<!-- Generated by org.testng.reporters.JUnitReportReporter -->
<testsuite hostname="LAPTOP-KA5SCLD6" failures="0" tests="6" name="com.test.DDTests" time="9.503" errors="0" timestamp="2023-02-06T22:46:06 IST" skipped="0">
  <testcase classname="com.test.DDTests" name="testPostuser" time="1.349"/>
  <system-out/>
  <testcase classname="com.test.DDTests" name="testPostuser" time="2.667"/>
  <system-out/>
  <testcase classname="com.test.DDTests" name="testPostuser" time="1.386"/>
  <system-out/>
  <testcase classname="com.test.DDTests" name="testDeleteUserByName" time="1.345"/>
  <system-out/>
  <testcase classname="com.test.DDTests" name="testDeleteUserByName" time="1.403"/>
  <system-out/>
  <testcase classname="com.test.DDTests" name="testDeleteUserByName" time="1.353"/>
  <system-out/>
</testsuite> <!-- com.test.DDTests -->
